<?xml version="1.0" encoding="UTF-8"?>
<!-- Generated by org.testng.reporters.JUnitXMLReporter -->
<testsuite ignored="0" hostname="DESKTOP-VGTAJOO" failures="0" tests="4" name="Test" time="2.411" errors="0" timestamp="2024-11-26T18:38:44 IST">
  <testcase classname="org.test.apiTesting.TestCases_01_POSTCall" name="TestCases_01_POSTCall" time="2.025"/>
  <testcase classname="org.test.apiTesting.TestCase_02_PATCHCall" name="TestCase_02_PATCHCall" time="0.143"/>
  <testcase classname="org.test.apiTesting.TestCases_03_PUTCall" name="TestCases_03_PUTCall" time="0.114"/>
  <testcase classname="org.test.apiTesting.TestCases4_GETCall" name="TestCases4_GETCall" time="0.082"/>
</testsuite> <!-- Test -->
