<?xml version="1.0" encoding="UTF-8"?>
<!-- Generated by org.testng.reporters.JUnitReportReporter -->
<testsuite hostname="DESKTOP-VGTAJOO" failures="0" tests="2" name="org.test.apiTesting.TestAPI" time="1.372" errors="0" timestamp="2024-11-25T17:00:16 IST" skipped="0">
  <testcase classname="org.test.apiTesting.TestAPI" name="postMethod" time="0.048"/>
  <system-out/>
  <testcase classname="org.test.apiTesting.TestAPI" name="getMethod" time="1.324"/>
  <system-out/>
</testsuite> <!-- org.test.apiTesting.TestAPI -->
